#
# A fatal error has been detected by the Java Runtime Environment:
#
#  SIGSEGV (0xb) at pc=0x000000010bb73174, pid=36323, tid=9219
#
# JRE version: Java(TM) SE Runtime Environment (13.0.1+9) (build 13.0.1+9)
# Java VM: Java HotSpot(TM) 64-Bit Server VM (13.0.1+9, mixed mode, sharing, tiered, compressed oops, g1 gc, bsd-amd64)
# Problematic frame:
# V  [libjvm.dylib+0x74f174]  _ZN16RawAccessBarrierILy1097844EE13load_internalILy1097844EP7oopDescEEN8EnableIfIXsr12HasDecoratorIXT_EXL_ZL12MO_UNORDEREDEEEE5valueET0_E4typeEPv+0x4
#
# No core dump will be written. Core dumps have been disabled. To enable core dumping, try "ulimit -c unlimited" before starting Java again
#
# If you would like to submit a bug report, please visit:
#   http://bugreport.java.com/bugreport/crash.jsp
#

---------------  S U M M A R Y ------------

Command Line: -Dfile.encoding=UTF-8 org.apache.catalina.startup.Tomcat$1

Host: MacBookPro10,2 x86_64 2600 MHz, 4 cores, 8G, Darwin 18.7.0
Time: Wed Feb 19 03:40:00 2020 CET elapsed time: 0 seconds (0d 0h 0m 0s)

---------------  T H R E A D  ---------------

Current thread (0x00007fe22380b800):  JavaThread "main" [_thread_in_vm, id=9219, stack(0x0000700000a52000,0x0000700000b52000)]

Stack: [0x0000700000a52000,0x0000700000b52000],  sp=0x0000700000b51d10,  free space=1023k
Native frames: (J=compiled Java code, A=aot compiled Java code, j=interpreted, Vv=VM code, C=native code)
V  [libjvm.dylib+0x74f174]  _ZN16RawAccessBarrierILy1097844EE13load_internalILy1097844EP7oopDescEEN8EnableIfIXsr12HasDecoratorIXT_EXL_ZL12MO_UNORDEREDEEEE5valueET0_E4typeEPv+0x4
V  [libjvm.dylib+0x74f139]  _ZN16RawAccessBarrierILy1097844EE8oop_loadIP7oopDescEET_Pv+0x9
V  [libjvm.dylib+0x74f1ab]  _ZN12G1BarrierSet13AccessBarrierILy1097844ES_E20oop_load_not_in_heapIP7oopDescEES4_PT_+0xb
V  [libjvm.dylib+0x3e2b49]  jni_GetStringUTFChars+0xde
C  [libjli.dylib+0x70bc]  PostJVMInit+0xad
C  [libjli.dylib+0x4a01]  JavaMain+0xa4f
C  [libjli.dylib+0x6d64]  ThreadJavaMain+0x9
C  [libsystem_pthread.dylib+0x32eb]  _pthread_body+0x7e
C  [libsystem_pthread.dylib+0x6249]  _pthread_start+0x42
C  [libsystem_pthread.dylib+0x240d]  thread_start+0xd


siginfo: si_signo: 11 (SIGSEGV), si_code: 1 (SEGV_MAPERR), si_addr: 0x0000000000000000

Register to memory mapping:

RAX=0x0 is NULL
RBX=0x00007fe22380bb10 points into unknown readable memory: e0 5d d7 0b 01 00 00 00
RCX=0x000000010bd75de0: jni_NativeInterface+0 in /Library/Java/JavaVirtualMachines/jdk-13.0.1.jdk/Contents/Home/lib/server/libjvm.dylib at 0x000000010b424000
RDX=0x0 is NULL
RSP=0x0000700000b51d10 is pointing into the stack for thread: 0x00007fe22380b800
RBP=0x0000700000b51d10 is pointing into the stack for thread: 0x00007fe22380b800
RSI=0x0 is NULL
RDI=0x0 is NULL
R8 ={method} {0x0000000800328bd8} 'getCanonicalName' '()Ljava/lang/String;' in 'java/lang/Class'
R9 =0x00007fe222c11080 points into unknown readable memory: d8 8b 32 00 08 00 00 00
R10=0x000000010bdf2510: _ZN19TemplateInterpreter13_active_tableE+0x4800 in /Library/Java/JavaVirtualMachines/jdk-13.0.1.jdk/Contents/Home/lib/server/libjvm.dylib at 0x000000010b424000
R11=0x00000008009ca800 is pointing into metadata
R12=0x00007fe22380b800 is a thread
R13=0x0 is NULL
R14=0x0 is NULL
R15=0x0 is NULL


Registers:
RAX=0x0000000000000000, RBX=0x00007fe22380bb10, RCX=0x000000010bd75de0, RDX=0x0000000000000000
RSP=0x0000700000b51d10, RBP=0x0000700000b51d10, RSI=0x0000000000000000, RDI=0x0000000000000000
R8 =0x0000000800328bd8, R9 =0x00007fe222c11080, R10=0x000000010bdf2510, R11=0x00000008009ca800
R12=0x00007fe22380b800, R13=0x0000000000000000, R14=0x0000000000000000, R15=0x0000000000000000
RIP=0x000000010bb73174, EFLAGS=0x0000000000010246, ERR=0x0000000000000004
  TRAPNO=0x000000000000000e

Top of Stack: (sp=0x0000700000b51d10)
0x0000700000b51d10:   0000700000b51d20 000000010bb73139
0x0000700000b51d20:   0000700000b51d40 000000010bb731ab
0x0000700000b51d30:   0000000000000000 00007fe22380bb10
0x0000700000b51d40:   0000700000b51de0 000000010b806b49
0x0000700000b51d50:   0000700000b51d70 000000010bb70053
0x0000700000b51d60:   000000010bde7901 00007fe22380b800
0x0000700000b51d70:   0000700000b51d90 000000010bb702ea
0x0000700000b51d80:   00007fe22380b800 0000000000000000
0x0000700000b51d90:   0000700000b51db0 000000010bb702bc
0x0000700000b51da0:   00007fe22380b800 00007fe22380bb10
0x0000700000b51db0:   0000700000b51de0 00007fe22380bb10
0x0000700000b51dc0:   00007fe222c11e10 0000000000000000
0x0000700000b51dd0:   0000000000000000 00007fe222c11e18
0x0000700000b51de0:   0000700000b51e70 000000010b4060bc
0x0000700000b51df0:   000000010bde7901 00007fe22380b800
0x0000700000b51e00:   0000700000b51e20 000000010bb702ea
0x0000700000b51e10:   00007fe222c10c70 00007fe22380b800
0x0000700000b51e20:   0000700000b51e40 000000010bb702bc
0x0000700000b51e30:   00007fe222c10960 0000000000000000
0x0000700000b51e40:   0000700000b51e70 cceb52adb355006f
0x0000700000b51e50:   00007fe22380bb10 00007fe222c11e10
0x0000700000b51e60:   00007fe222c11e28 00007fe222c11e18
0x0000700000b51e70:   0000700000b51f00 000000010b403a01
0x0000700000b51e80:   0000000000000000 000001705b542568
0x0000700000b51e90:   0000000400010002 00007fe222c10440
0x0000700000b51ea0:   0000000000000000 0000000000000000
0x0000700000b51eb0:   00007fe222d00718 0000000000000001
0x0000700000b51ec0:   00007fe222d006a0 00007fe22380bb10
0x0000700000b51ed0:   000000010bd75dd8 0000700000b52000
0x0000700000b51ee0:   0000000000000000 0000000000000000
0x0000700000b51ef0:   0000000000000000 0000000000000000
0x0000700000b51f00:   0000700000b51f10 000000010b405d64 

Instructions: (pc=0x000000010bb73174)
0x000000010bb73074:   c1 5d c3 48 8d 3d 11 cd 05 00 48 8d 15 11 ce 05
0x000000010bb73084:   00 be ef 00 00 00 31 c0 e8 30 f4 b0 ff e8 b0 6e
0x000000010bb73094:   ed ff 31 c0 5d c3 66 0f 1f 44 00 00 55 48 89 e5
0x000000010bb730a4:   e8 67 fc ff ff 48 89 c7 e8 6f fc ff ff ff c8 83
0x000000010bb730b4:   f8 03 73 0f 48 98 48 8d 0d cf 5f 1f 00 48 8b 04
0x000000010bb730c4:   c1 5d c3 48 8d 3d c1 cc 05 00 48 8d 15 c1 cd 05
0x000000010bb730d4:   00 be ef 00 00 00 31 c0 e8 e0 f3 b0 ff e8 60 6e
0x000000010bb730e4:   ed ff 31 c0 5d c3 66 0f 1f 44 00 00 55 48 89 e5
0x000000010bb730f4:   5d e9 26 00 00 00 66 0f 1f 44 00 00 55 48 89 e5
0x000000010bb73104:   5d e9 86 00 00 00 66 0f 1f 44 00 00 55 48 89 e5
0x000000010bb73114:   5d e9 86 00 00 00 66 0f 1f 44 00 00 55 48 89 e5
0x000000010bb73124:   5d e9 06 00 00 00 66 0f 1f 44 00 00 55 48 89 e5
0x000000010bb73134:   e8 17 00 00 00 48 89 c7 5d e9 1e 00 00 00 66 66
0x000000010bb73144:   66 66 66 2e 0f 1f 84 00 00 00 00 00 55 48 89 e5
0x000000010bb73154:   5d e9 16 00 00 00 66 0f 1f 44 00 00 55 48 89 e5
0x000000010bb73164:   5d e9 16 00 00 00 66 0f 1f 44 00 00 55 48 89 e5
0x000000010bb73174:   48 8b 07 5d c3 0f 1f 80 00 00 00 00 55 48 89 e5
0x000000010bb73184:   48 89 f8 5d c3 0f 1f 80 00 00 00 00 55 48 89 e5
0x000000010bb73194:   5d e9 96 ff ff ff 66 0f 1f 44 00 00 55 48 89 e5
0x000000010bb731a4:   53 50 e8 25 00 00 00 48 89 c3 bf 74 c0 10 00 48
0x000000010bb731b4:   89 de e8 75 fc ff ff 48 89 d8 48 83 c4 08 5b 5d
0x000000010bb731c4:   c3 66 66 2e 0f 1f 84 00 00 00 00 00 55 48 89 e5
0x000000010bb731d4:   5d e9 56 ff ff ff 66 0f 1f 44 00 00 55 48 89 e5
0x000000010bb731e4:   5d e9 26 00 00 00 66 0f 1f 44 00 00 55 48 89 e5
0x000000010bb731f4:   5d e9 86 00 00 00 66 0f 1f 44 00 00 55 48 89 e5
0x000000010bb73204:   5d e9 86 00 00 00 66 0f 1f 44 00 00 55 48 89 e5
0x000000010bb73214:   5d e9 06 00 00 00 66 0f 1f 44 00 00 55 48 89 e5
0x000000010bb73224:   e8 17 00 00 00 48 89 c7 5d e9 1e 00 00 00 66 66
0x000000010bb73234:   66 66 66 2e 0f 1f 84 00 00 00 00 00 55 48 89 e5
0x000000010bb73244:   5d e9 16 00 00 00 66 0f 1f 44 00 00 55 48 89 e5
0x000000010bb73254:   5d e9 16 00 00 00 66 0f 1f 44 00 00 55 48 89 e5
0x000000010bb73264:   48 8b 07 5d c3 0f 1f 80 00 00 00 00 55 48 89 e5 


Stack slot to memory mapping:
stack at sp + 0 slots: 0x0000700000b51d20 is pointing into the stack for thread: 0x00007fe22380b800
stack at sp + 1 slots: 0x000000010bb73139: _ZN16RawAccessBarrierILy1097844EE8oop_loadIP7oopDescEET_Pv+0x9 in /Library/Java/JavaVirtualMachines/jdk-13.0.1.jdk/Contents/Home/lib/server/libjvm.dylib at 0x000000010b424000
stack at sp + 2 slots: 0x0000700000b51d40 is pointing into the stack for thread: 0x00007fe22380b800
stack at sp + 3 slots: 0x000000010bb731ab: _ZN12G1BarrierSet13AccessBarrierILy1097844ES_E20oop_load_not_in_heapIP7oopDescEES4_PT_+0xb in /Library/Java/JavaVirtualMachines/jdk-13.0.1.jdk/Contents/Home/lib/server/libjvm.dylib at 0x000000010b424000
stack at sp + 4 slots: 0x0 is NULL
stack at sp + 5 slots: 0x00007fe22380bb10 points into unknown readable memory: e0 5d d7 0b 01 00 00 00
stack at sp + 6 slots: 0x0000700000b51de0 is pointing into the stack for thread: 0x00007fe22380b800
stack at sp + 7 slots: 0x000000010b806b49: jni_GetStringUTFChars+0xde in /Library/Java/JavaVirtualMachines/jdk-13.0.1.jdk/Contents/Home/lib/server/libjvm.dylib at 0x000000010b424000


---------------  P R O C E S S  ---------------

Threads class SMR info:
_java_thread_list=0x00007fe222c29a10, length=9, elements={
0x00007fe22380b800, 0x00007fe22382b800, 0x00007fe22382e800, 0x00007fe223070000,
0x00007fe22306c800, 0x00007fe22306d800, 0x00007fe22306e800, 0x00007fe224017800,
0x00007fe223830800
}

Java Threads: ( => current thread )
=>0x00007fe22380b800 JavaThread "main" [_thread_in_vm, id=9219, stack(0x0000700000a52000,0x0000700000b52000)]
  0x00007fe22382b800 JavaThread "Reference Handler" daemon [_thread_blocked, id=16899, stack(0x0000700001167000,0x0000700001267000)]
  0x00007fe22382e800 JavaThread "Finalizer" daemon [_thread_blocked, id=16131, stack(0x000070000126a000,0x000070000136a000)]
  0x00007fe223070000 JavaThread "Signal Dispatcher" daemon [_thread_blocked, id=43267, stack(0x000070000136d000,0x000070000146d000)]
  0x00007fe22306c800 JavaThread "C2 CompilerThread0" daemon [_thread_blocked, id=42755, stack(0x0000700001470000,0x0000700001570000)]
  0x00007fe22306d800 JavaThread "C1 CompilerThread0" daemon [_thread_blocked, id=22531, stack(0x0000700001573000,0x0000700001673000)]
  0x00007fe22306e800 JavaThread "Sweeper thread" daemon [_thread_blocked, id=41987, stack(0x0000700001676000,0x0000700001776000)]
  0x00007fe224017800 JavaThread "Service Thread" daemon [_thread_blocked, id=41219, stack(0x0000700001779000,0x0000700001879000)]
  0x00007fe223830800 JavaThread "Common-Cleaner" daemon [_thread_blocked, id=40451, stack(0x000070000197f000,0x0000700001a7f000)]

Other Threads:
  0x00007fe22382a800 VMThread "VM Thread" [stack: 0x0000700001064000,0x0000700001164000] [id=13571]
  0x00007fe22382c800 WatcherThread [stack: 0x000070000187c000,0x000070000197c000] [id=40963]
  0x00007fe22301f800 GCTaskThread "GC Thread#0" [stack: 0x0000700000b55000,0x0000700000c55000] [id=12035]
  0x00007fe224810800 ConcurrentGCThread "G1 Main Marker" [stack: 0x0000700000c58000,0x0000700000d58000] [id=19971]
  0x00007fe224811800 ConcurrentGCThread "G1 Conc#0" [stack: 0x0000700000d5b000,0x0000700000e5b000] [id=18947]
  0x00007fe223060000 ConcurrentGCThread "G1 Refine#0" [stack: 0x0000700000e5e000,0x0000700000f5e000] [id=18691]
  0x00007fe223806000 ConcurrentGCThread "G1 Young RemSet Sampling" [stack: 0x0000700000f61000,0x0000700001061000] [id=12803]

Threads with active compile tasks:

VM state:not at safepoint (normal execution)

VM Mutex/Monitor currently owned by a thread: None

Heap address: 0x0000000780000000, size: 2048 MB, Compressed Oops mode: Zero based, Oop shift amount: 3
Narrow klass base: 0x0000000800000000, Narrow klass shift: 3
Compressed class space size: 1073741824 Address: 0x0000000800ae0000

Heap:
 garbage-first heap   total 133120K, used 3832K [0x0000000780000000, 0x0000000800000000)
  region size 1024K, 5 young (5120K), 0 survivors (0K)
 Metaspace       used 705K, capacity 4862K, committed 5120K, reserved 1056768K
  class space    used 49K, capacity 426K, committed 512K, reserved 1048576K
Heap Regions: E=young(eden), S=young(survivor), O=old, HS=humongous(starts), HC=humongous(continues), CS=collection set, F=free, A=archive, TAMS=top-at-mark-start (previous, next)
|   0|0x0000000780000000, 0x0000000780000000, 0x0000000780100000|  0%| F|  |TAMS 0x0000000780000000, 0x0000000780000000| Untracked 
|   1|0x0000000780100000, 0x0000000780100000, 0x0000000780200000|  0%| F|  |TAMS 0x0000000780100000, 0x0000000780100000| Untracked 
|   2|0x0000000780200000, 0x0000000780200000, 0x0000000780300000|  0%| F|  |TAMS 0x0000000780200000, 0x0000000780200000| Untracked 
|   3|0x0000000780300000, 0x0000000780300000, 0x0000000780400000|  0%| F|  |TAMS 0x0000000780300000, 0x0000000780300000| Untracked 
|   4|0x0000000780400000, 0x0000000780400000, 0x0000000780500000|  0%| F|  |TAMS 0x0000000780400000, 0x0000000780400000| Untracked 
|   5|0x0000000780500000, 0x0000000780500000, 0x0000000780600000|  0%| F|  |TAMS 0x0000000780500000, 0x0000000780500000| Untracked 
|   6|0x0000000780600000, 0x0000000780600000, 0x0000000780700000|  0%| F|  |TAMS 0x0000000780600000, 0x0000000780600000| Untracked 
|   7|0x0000000780700000, 0x0000000780700000, 0x0000000780800000|  0%| F|  |TAMS 0x0000000780700000, 0x0000000780700000| Untracked 
|   8|0x0000000780800000, 0x0000000780800000, 0x0000000780900000|  0%| F|  |TAMS 0x0000000780800000, 0x0000000780800000| Untracked 
|   9|0x0000000780900000, 0x0000000780900000, 0x0000000780a00000|  0%| F|  |TAMS 0x0000000780900000, 0x0000000780900000| Untracked 
|  10|0x0000000780a00000, 0x0000000780a00000, 0x0000000780b00000|  0%| F|  |TAMS 0x0000000780a00000, 0x0000000780a00000| Untracked 
|  11|0x0000000780b00000, 0x0000000780b00000, 0x0000000780c00000|  0%| F|  |TAMS 0x0000000780b00000, 0x0000000780b00000| Untracked 
|  12|0x0000000780c00000, 0x0000000780c00000, 0x0000000780d00000|  0%| F|  |TAMS 0x0000000780c00000, 0x0000000780c00000| Untracked 
|  13|0x0000000780d00000, 0x0000000780d00000, 0x0000000780e00000|  0%| F|  |TAMS 0x0000000780d00000, 0x0000000780d00000| Untracked 
|  14|0x0000000780e00000, 0x0000000780e00000, 0x0000000780f00000|  0%| F|  |TAMS 0x0000000780e00000, 0x0000000780e00000| Untracked 
|  15|0x0000000780f00000, 0x0000000780f00000, 0x0000000781000000|  0%| F|  |TAMS 0x0000000780f00000, 0x0000000780f00000| Untracked 
|  16|0x0000000781000000, 0x0000000781000000, 0x0000000781100000|  0%| F|  |TAMS 0x0000000781000000, 0x0000000781000000| Untracked 
|  17|0x0000000781100000, 0x0000000781100000, 0x0000000781200000|  0%| F|  |TAMS 0x0000000781100000, 0x0000000781100000| Untracked 
|  18|0x0000000781200000, 0x0000000781200000, 0x0000000781300000|  0%| F|  |TAMS 0x0000000781200000, 0x0000000781200000| Untracked 
|  19|0x0000000781300000, 0x0000000781300000, 0x0000000781400000|  0%| F|  |TAMS 0x0000000781300000, 0x0000000781300000| Untracked 
|  20|0x0000000781400000, 0x0000000781400000, 0x0000000781500000|  0%| F|  |TAMS 0x0000000781400000, 0x0000000781400000| Untracked 
|  21|0x0000000781500000, 0x0000000781500000, 0x0000000781600000|  0%| F|  |TAMS 0x0000000781500000, 0x0000000781500000| Untracked 
|  22|0x0000000781600000, 0x0000000781600000, 0x0000000781700000|  0%| F|  |TAMS 0x0000000781600000, 0x0000000781600000| Untracked 
|  23|0x0000000781700000, 0x0000000781700000, 0x0000000781800000|  0%| F|  |TAMS 0x0000000781700000, 0x0000000781700000| Untracked 
|  24|0x0000000781800000, 0x0000000781800000, 0x0000000781900000|  0%| F|  |TAMS 0x0000000781800000, 0x0000000781800000| Untracked 
|  25|0x0000000781900000, 0x0000000781900000, 0x0000000781a00000|  0%| F|  |TAMS 0x0000000781900000, 0x0000000781900000| Untracked 
|  26|0x0000000781a00000, 0x0000000781a00000, 0x0000000781b00000|  0%| F|  |TAMS 0x0000000781a00000, 0x0000000781a00000| Untracked 
|  27|0x0000000781b00000, 0x0000000781b00000, 0x0000000781c00000|  0%| F|  |TAMS 0x0000000781b00000, 0x0000000781b00000| Untracked 
|  28|0x0000000781c00000, 0x0000000781c00000, 0x0000000781d00000|  0%| F|  |TAMS 0x0000000781c00000, 0x0000000781c00000| Untracked 
|  29|0x0000000781d00000, 0x0000000781d00000, 0x0000000781e00000|  0%| F|  |TAMS 0x0000000781d00000, 0x0000000781d00000| Untracked 
|  30|0x0000000781e00000, 0x0000000781e00000, 0x0000000781f00000|  0%| F|  |TAMS 0x0000000781e00000, 0x0000000781e00000| Untracked 
|  31|0x0000000781f00000, 0x0000000781f00000, 0x0000000782000000|  0%| F|  |TAMS 0x0000000781f00000, 0x0000000781f00000| Untracked 
|  32|0x0000000782000000, 0x0000000782000000, 0x0000000782100000|  0%| F|  |TAMS 0x0000000782000000, 0x0000000782000000| Untracked 
|  33|0x0000000782100000, 0x0000000782100000, 0x0000000782200000|  0%| F|  |TAMS 0x0000000782100000, 0x0000000782100000| Untracked 
|  34|0x0000000782200000, 0x0000000782200000, 0x0000000782300000|  0%| F|  |TAMS 0x0000000782200000, 0x0000000782200000| Untracked 
|  35|0x0000000782300000, 0x0000000782300000, 0x0000000782400000|  0%| F|  |TAMS 0x0000000782300000, 0x0000000782300000| Untracked 
|  36|0x0000000782400000, 0x0000000782400000, 0x0000000782500000|  0%| F|  |TAMS 0x0000000782400000, 0x0000000782400000| Untracked 
|  37|0x0000000782500000, 0x0000000782500000, 0x0000000782600000|  0%| F|  |TAMS 0x0000000782500000, 0x0000000782500000| Untracked 
|  38|0x0000000782600000, 0x0000000782600000, 0x0000000782700000|  0%| F|  |TAMS 0x0000000782600000, 0x0000000782600000| Untracked 
|  39|0x0000000782700000, 0x0000000782700000, 0x0000000782800000|  0%| F|  |TAMS 0x0000000782700000, 0x0000000782700000| Untracked 
|  40|0x0000000782800000, 0x0000000782800000, 0x0000000782900000|  0%| F|  |TAMS 0x0000000782800000, 0x0000000782800000| Untracked 
|  41|0x0000000782900000, 0x0000000782900000, 0x0000000782a00000|  0%| F|  |TAMS 0x0000000782900000, 0x0000000782900000| Untracked 
|  42|0x0000000782a00000, 0x0000000782a00000, 0x0000000782b00000|  0%| F|  |TAMS 0x0000000782a00000, 0x0000000782a00000| Untracked 
|  43|0x0000000782b00000, 0x0000000782b00000, 0x0000000782c00000|  0%| F|  |TAMS 0x0000000782b00000, 0x0000000782b00000| Untracked 
|  44|0x0000000782c00000, 0x0000000782c00000, 0x0000000782d00000|  0%| F|  |TAMS 0x0000000782c00000, 0x0000000782c00000| Untracked 
|  45|0x0000000782d00000, 0x0000000782d00000, 0x0000000782e00000|  0%| F|  |TAMS 0x0000000782d00000, 0x0000000782d00000| Untracked 
|  46|0x0000000782e00000, 0x0000000782e00000, 0x0000000782f00000|  0%| F|  |TAMS 0x0000000782e00000, 0x0000000782e00000| Untracked 
|  47|0x0000000782f00000, 0x0000000782f00000, 0x0000000783000000|  0%| F|  |TAMS 0x0000000782f00000, 0x0000000782f00000| Untracked 
|  48|0x0000000783000000, 0x0000000783000000, 0x0000000783100000|  0%| F|  |TAMS 0x0000000783000000, 0x0000000783000000| Untracked 
|  49|0x0000000783100000, 0x0000000783100000, 0x0000000783200000|  0%| F|  |TAMS 0x0000000783100000, 0x0000000783100000| Untracked 
|  50|0x0000000783200000, 0x0000000783200000, 0x0000000783300000|  0%| F|  |TAMS 0x0000000783200000, 0x0000000783200000| Untracked 
|  51|0x0000000783300000, 0x0000000783300000, 0x0000000783400000|  0%| F|  |TAMS 0x0000000783300000, 0x0000000783300000| Untracked 
|  52|0x0000000783400000, 0x0000000783400000, 0x0000000783500000|  0%| F|  |TAMS 0x0000000783400000, 0x0000000783400000| Untracked 
|  53|0x0000000783500000, 0x0000000783500000, 0x0000000783600000|  0%| F|  |TAMS 0x0000000783500000, 0x0000000783500000| Untracked 
|  54|0x0000000783600000, 0x0000000783600000, 0x0000000783700000|  0%| F|  |TAMS 0x0000000783600000, 0x0000000783600000| Untracked 
|  55|0x0000000783700000, 0x0000000783700000, 0x0000000783800000|  0%| F|  |TAMS 0x0000000783700000, 0x0000000783700000| Untracked 
|  56|0x0000000783800000, 0x0000000783800000, 0x0000000783900000|  0%| F|  |TAMS 0x0000000783800000, 0x0000000783800000| Untracked 
|  57|0x0000000783900000, 0x0000000783900000, 0x0000000783a00000|  0%| F|  |TAMS 0x0000000783900000, 0x0000000783900000| Untracked 
|  58|0x0000000783a00000, 0x0000000783a00000, 0x0000000783b00000|  0%| F|  |TAMS 0x0000000783a00000, 0x0000000783a00000| Untracked 
|  59|0x0000000783b00000, 0x0000000783b00000, 0x0000000783c00000|  0%| F|  |TAMS 0x0000000783b00000, 0x0000000783b00000| Untracked 
|  60|0x0000000783c00000, 0x0000000783c00000, 0x0000000783d00000|  0%| F|  |TAMS 0x0000000783c00000, 0x0000000783c00000| Untracked 
|  61|0x0000000783d00000, 0x0000000783d00000, 0x0000000783e00000|  0%| F|  |TAMS 0x0000000783d00000, 0x0000000783d00000| Untracked 
|  62|0x0000000783e00000, 0x0000000783e00000, 0x0000000783f00000|  0%| F|  |TAMS 0x0000000783e00000, 0x0000000783e00000| Untracked 
|  63|0x0000000783f00000, 0x0000000783f00000, 0x0000000784000000|  0%| F|  |TAMS 0x0000000783f00000, 0x0000000783f00000| Untracked 
|  64|0x0000000784000000, 0x0000000784000000, 0x0000000784100000|  0%| F|  |TAMS 0x0000000784000000, 0x0000000784000000| Untracked 
|  65|0x0000000784100000, 0x0000000784100000, 0x0000000784200000|  0%| F|  |TAMS 0x0000000784100000, 0x0000000784100000| Untracked 
|  66|0x0000000784200000, 0x0000000784200000, 0x0000000784300000|  0%| F|  |TAMS 0x0000000784200000, 0x0000000784200000| Untracked 
|  67|0x0000000784300000, 0x0000000784300000, 0x0000000784400000|  0%| F|  |TAMS 0x0000000784300000, 0x0000000784300000| Untracked 
|  68|0x0000000784400000, 0x0000000784400000, 0x0000000784500000|  0%| F|  |TAMS 0x0000000784400000, 0x0000000784400000| Untracked 
|  69|0x0000000784500000, 0x0000000784500000, 0x0000000784600000|  0%| F|  |TAMS 0x0000000784500000, 0x0000000784500000| Untracked 
|  70|0x0000000784600000, 0x0000000784600000, 0x0000000784700000|  0%| F|  |TAMS 0x0000000784600000, 0x0000000784600000| Untracked 
|  71|0x0000000784700000, 0x0000000784700000, 0x0000000784800000|  0%| F|  |TAMS 0x0000000784700000, 0x0000000784700000| Untracked 
|  72|0x0000000784800000, 0x0000000784800000, 0x0000000784900000|  0%| F|  |TAMS 0x0000000784800000, 0x0000000784800000| Untracked 
|  73|0x0000000784900000, 0x0000000784900000, 0x0000000784a00000|  0%| F|  |TAMS 0x0000000784900000, 0x0000000784900000| Untracked 
|  74|0x0000000784a00000, 0x0000000784a00000, 0x0000000784b00000|  0%| F|  |TAMS 0x0000000784a00000, 0x0000000784a00000| Untracked 
|  75|0x0000000784b00000, 0x0000000784b00000, 0x0000000784c00000|  0%| F|  |TAMS 0x0000000784b00000, 0x0000000784b00000| Untracked 
|  76|0x0000000784c00000, 0x0000000784c00000, 0x0000000784d00000|  0%| F|  |TAMS 0x0000000784c00000, 0x0000000784c00000| Untracked 
|  77|0x0000000784d00000, 0x0000000784d00000, 0x0000000784e00000|  0%| F|  |TAMS 0x0000000784d00000, 0x0000000784d00000| Untracked 
|  78|0x0000000784e00000, 0x0000000784e00000, 0x0000000784f00000|  0%| F|  |TAMS 0x0000000784e00000, 0x0000000784e00000| Untracked 
|  79|0x0000000784f00000, 0x0000000784f00000, 0x0000000785000000|  0%| F|  |TAMS 0x0000000784f00000, 0x0000000784f00000| Untracked 
|  80|0x0000000785000000, 0x0000000785000000, 0x0000000785100000|  0%| F|  |TAMS 0x0000000785000000, 0x0000000785000000| Untracked 
|  81|0x0000000785100000, 0x0000000785100000, 0x0000000785200000|  0%| F|  |TAMS 0x0000000785100000, 0x0000000785100000| Untracked 
|  82|0x0000000785200000, 0x0000000785200000, 0x0000000785300000|  0%| F|  |TAMS 0x0000000785200000, 0x0000000785200000| Untracked 
|  83|0x0000000785300000, 0x0000000785300000, 0x0000000785400000|  0%| F|  |TAMS 0x0000000785300000, 0x0000000785300000| Untracked 
|  84|0x0000000785400000, 0x0000000785400000, 0x0000000785500000|  0%| F|  |TAMS 0x0000000785400000, 0x0000000785400000| Untracked 
|  85|0x0000000785500000, 0x0000000785500000, 0x0000000785600000|  0%| F|  |TAMS 0x0000000785500000, 0x0000000785500000| Untracked 
|  86|0x0000000785600000, 0x0000000785600000, 0x0000000785700000|  0%| F|  |TAMS 0x0000000785600000, 0x0000000785600000| Untracked 
|  87|0x0000000785700000, 0x0000000785700000, 0x0000000785800000|  0%| F|  |TAMS 0x0000000785700000, 0x0000000785700000| Untracked 
|  88|0x0000000785800000, 0x0000000785800000, 0x0000000785900000|  0%| F|  |TAMS 0x0000000785800000, 0x0000000785800000| Untracked 
|  89|0x0000000785900000, 0x0000000785900000, 0x0000000785a00000|  0%| F|  |TAMS 0x0000000785900000, 0x0000000785900000| Untracked 
|  90|0x0000000785a00000, 0x0000000785a00000, 0x0000000785b00000|  0%| F|  |TAMS 0x0000000785a00000, 0x0000000785a00000| Untracked 
|  91|0x0000000785b00000, 0x0000000785b00000, 0x0000000785c00000|  0%| F|  |TAMS 0x0000000785b00000, 0x0000000785b00000| Untracked 
|  92|0x0000000785c00000, 0x0000000785c00000, 0x0000000785d00000|  0%| F|  |TAMS 0x0000000785c00000, 0x0000000785c00000| Untracked 
|  93|0x0000000785d00000, 0x0000000785d00000, 0x0000000785e00000|  0%| F|  |TAMS 0x0000000785d00000, 0x0000000785d00000| Untracked 
|  94|0x0000000785e00000, 0x0000000785e00000, 0x0000000785f00000|  0%| F|  |TAMS 0x0000000785e00000, 0x0000000785e00000| Untracked 
|  95|0x0000000785f00000, 0x0000000785f00000, 0x0000000786000000|  0%| F|  |TAMS 0x0000000785f00000, 0x0000000785f00000| Untracked 
|  96|0x0000000786000000, 0x0000000786000000, 0x0000000786100000|  0%| F|  |TAMS 0x0000000786000000, 0x0000000786000000| Untracked 
|  97|0x0000000786100000, 0x0000000786100000, 0x0000000786200000|  0%| F|  |TAMS 0x0000000786100000, 0x0000000786100000| Untracked 
|  98|0x0000000786200000, 0x0000000786200000, 0x0000000786300000|  0%| F|  |TAMS 0x0000000786200000, 0x0000000786200000| Untracked 
|  99|0x0000000786300000, 0x0000000786300000, 0x0000000786400000|  0%| F|  |TAMS 0x0000000786300000, 0x0000000786300000| Untracked 
| 100|0x0000000786400000, 0x0000000786400000, 0x0000000786500000|  0%| F|  |TAMS 0x0000000786400000, 0x0000000786400000| Untracked 
| 101|0x0000000786500000, 0x0000000786500000, 0x0000000786600000|  0%| F|  |TAMS 0x0000000786500000, 0x0000000786500000| Untracked 
| 102|0x0000000786600000, 0x0000000786600000, 0x0000000786700000|  0%| F|  |TAMS 0x0000000786600000, 0x0000000786600000| Untracked 
| 103|0x0000000786700000, 0x0000000786700000, 0x0000000786800000|  0%| F|  |TAMS 0x0000000786700000, 0x0000000786700000| Untracked 
| 104|0x0000000786800000, 0x0000000786800000, 0x0000000786900000|  0%| F|  |TAMS 0x0000000786800000, 0x0000000786800000| Untracked 
| 105|0x0000000786900000, 0x0000000786900000, 0x0000000786a00000|  0%| F|  |TAMS 0x0000000786900000, 0x0000000786900000| Untracked 
| 106|0x0000000786a00000, 0x0000000786a00000, 0x0000000786b00000|  0%| F|  |TAMS 0x0000000786a00000, 0x0000000786a00000| Untracked 
| 107|0x0000000786b00000, 0x0000000786b00000, 0x0000000786c00000|  0%| F|  |TAMS 0x0000000786b00000, 0x0000000786b00000| Untracked 
| 108|0x0000000786c00000, 0x0000000786c00000, 0x0000000786d00000|  0%| F|  |TAMS 0x0000000786c00000, 0x0000000786c00000| Untracked 
| 109|0x0000000786d00000, 0x0000000786d00000, 0x0000000786e00000|  0%| F|  |TAMS 0x0000000786d00000, 0x0000000786d00000| Untracked 
| 110|0x0000000786e00000, 0x0000000786e00000, 0x0000000786f00000|  0%| F|  |TAMS 0x0000000786e00000, 0x0000000786e00000| Untracked 
| 111|0x0000000786f00000, 0x0000000786f00000, 0x0000000787000000|  0%| F|  |TAMS 0x0000000786f00000, 0x0000000786f00000| Untracked 
| 112|0x0000000787000000, 0x0000000787000000, 0x0000000787100000|  0%| F|  |TAMS 0x0000000787000000, 0x0000000787000000| Untracked 
| 113|0x0000000787100000, 0x0000000787100000, 0x0000000787200000|  0%| F|  |TAMS 0x0000000787100000, 0x0000000787100000| Untracked 
| 114|0x0000000787200000, 0x0000000787200000, 0x0000000787300000|  0%| F|  |TAMS 0x0000000787200000, 0x0000000787200000| Untracked 
| 115|0x0000000787300000, 0x0000000787300000, 0x0000000787400000|  0%| F|  |TAMS 0x0000000787300000, 0x0000000787300000| Untracked 
| 116|0x0000000787400000, 0x0000000787400000, 0x0000000787500000|  0%| F|  |TAMS 0x0000000787400000, 0x0000000787400000| Untracked 
| 117|0x0000000787500000, 0x0000000787500000, 0x0000000787600000|  0%| F|  |TAMS 0x0000000787500000, 0x0000000787500000| Untracked 
| 118|0x0000000787600000, 0x0000000787600000, 0x0000000787700000|  0%| F|  |TAMS 0x0000000787600000, 0x0000000787600000| Untracked 
| 119|0x0000000787700000, 0x0000000787700000, 0x0000000787800000|  0%| F|  |TAMS 0x0000000787700000, 0x0000000787700000| Untracked 
| 120|0x0000000787800000, 0x0000000787800000, 0x0000000787900000|  0%| F|  |TAMS 0x0000000787800000, 0x0000000787800000| Untracked 
| 121|0x0000000787900000, 0x0000000787900000, 0x0000000787a00000|  0%| F|  |TAMS 0x0000000787900000, 0x0000000787900000| Untracked 
| 122|0x0000000787a00000, 0x0000000787a00000, 0x0000000787b00000|  0%| F|  |TAMS 0x0000000787a00000, 0x0000000787a00000| Untracked 
| 123|0x0000000787b00000, 0x0000000787b066b0, 0x0000000787c00000|  2%| E|  |TAMS 0x0000000787b00000, 0x0000000787b00000| Complete 
| 124|0x0000000787c00000, 0x0000000787d00000, 0x0000000787d00000|100%| E|CS|TAMS 0x0000000787c00000, 0x0000000787c00000| Complete 
| 125|0x0000000787d00000, 0x0000000787e00000, 0x0000000787e00000|100%| E|CS|TAMS 0x0000000787d00000, 0x0000000787d00000| Complete 
| 126|0x0000000787e00000, 0x0000000787f00000, 0x0000000787f00000|100%| E|CS|TAMS 0x0000000787e00000, 0x0000000787e00000| Complete 
| 127|0x0000000787f00000, 0x0000000788000000, 0x0000000788000000|100%| E|  |TAMS 0x0000000787f00000, 0x0000000787f00000| Complete 
|1022|0x00000007bfe00000, 0x00000007bfe47000, 0x00000007bff00000| 27%|OA|  |TAMS 0x00000007bfe00000, 0x00000007bfe00000| Untracked 
|1023|0x00000007bff00000, 0x00000007bff77000, 0x00000007c0000000| 46%|CA|  |TAMS 0x00000007bff00000, 0x00000007bff00000| Untracked 

Card table byte_map: [0x000000010d4eb000,0x000000010d8eb000] _byte_map_base: 0x00000001098eb000

Marking Bits (Prev, Next): (CMBitMap*) 0x00007fe224800018, (CMBitMap*) 0x00007fe224800058
 Prev Bits: [0x000000010dceb000, 0x000000010fceb000)
 Next Bits: [0x000000010fceb000, 0x0000000111ceb000)

Polling page: 0x000000010c24c000

Metaspace:

Usage:
  Non-class:      4.33 MB capacity,   656.05 KB ( 15%) used,     3.69 MB ( 85%) free+waste,   704 bytes ( <1%) overhead. 
      Class:    426.00 KB capacity,    49.45 KB ( 12%) used,   376.11 KB ( 88%) free+waste,   448 bytes ( <1%) overhead. 
       Both:      4.75 MB capacity,   705.50 KB ( 15%) used,     4.06 MB ( 85%) free+waste,     1.12 KB ( <1%) overhead. 

Virtual space:
  Non-class space:        8.00 MB reserved,       4.50 MB ( 56%) committed 
      Class space:        1.00 GB reserved,     512.00 KB ( <1%) committed 
             Both:        1.01 GB reserved,       5.00 MB ( <1%) committed 

Chunk freelists:
   Non-Class:  4.00 KB
       Class:  22.00 KB
        Both:  26.00 KB

MaxMetaspaceSize: unlimited
CompressedClassSpaceSize: 1.00 GB

CodeHeap 'non-profiled nmethods': size=120032Kb used=48Kb max_used=48Kb free=119983Kb
 bounds [0x0000000124692000, 0x0000000124902000, 0x000000012bbca000]
CodeHeap 'profiled nmethods': size=120032Kb used=264Kb max_used=264Kb free=119767Kb
 bounds [0x000000011d15a000, 0x000000011d3ca000, 0x0000000124692000]
CodeHeap 'non-nmethods': size=5696Kb used=1064Kb max_used=1076Kb free=4632Kb
 bounds [0x000000011cbca000, 0x000000011ce3a000, 0x000000011d15a000]
 total_blobs=555 nmethods=182 adapters=195
 compilation: enabled
              stopped_count=0, restarted_count=0
 full_count=0

Compilation events (20 events):
Event: 0.205 Thread 0x00007fe22306d800  172       3       java.lang.Character::toLowerCase (6 bytes)
Event: 0.205 Thread 0x00007fe22306d800 nmethod 172 0x000000011d196a90 code [0x000000011d196c40, 0x000000011d196ef8]
Event: 0.205 Thread 0x00007fe22306d800  173       3       jdk.internal.misc.Unsafe::putReferenceRelease (9 bytes)
Event: 0.205 Thread 0x00007fe22306d800 nmethod 173 0x000000011d197010 code [0x000000011d1971a0, 0x000000011d197370]
Event: 0.205 Thread 0x00007fe22306d800  175       3       java.util.concurrent.ConcurrentHashMap::setTabAt (20 bytes)
Event: 0.206 Thread 0x00007fe22306d800 nmethod 175 0x000000011d197410 code [0x000000011d1975c0, 0x000000011d1978d0]
Event: 0.206 Thread 0x00007fe22306d800  178       3       java.lang.String::substring (58 bytes)
Event: 0.206 Thread 0x00007fe22306d800 nmethod 178 0x000000011d197990 code [0x000000011d197ba0, 0x000000011d1982c8]
Event: 0.207 Thread 0x00007fe22306d800  179       3       java.lang.String::checkBoundsBeginEnd (63 bytes)
Event: 0.208 Thread 0x00007fe22306d800 nmethod 179 0x000000011d198510 code [0x000000011d1987c0, 0x000000011d199358]
Event: 0.208 Thread 0x00007fe22306d800  176       3       java.lang.Character::toUpperCase (6 bytes)
Event: 0.208 Thread 0x00007fe22306d800 nmethod 176 0x000000011d199790 code [0x000000011d199940, 0x000000011d199bf8]
Event: 0.208 Thread 0x00007fe22306d800  181   !   3       java.util.zip.ZipFile$Source::readFullyAt (74 bytes)
Event: 0.208 Thread 0x00007fe22306d800 nmethod 181 0x000000011d199d10 code [0x000000011d199f20, 0x000000011d19a668]
Event: 0.208 Thread 0x00007fe22306d800  177       3       java.lang.Character::toUpperCase (9 bytes)
Event: 0.209 Thread 0x00007fe22306d800 nmethod 177 0x000000011d19aa90 code [0x000000011d19ac40, 0x000000011d19ae98]
Event: 0.209 Thread 0x00007fe22306d800  182       3       java.util.concurrent.ConcurrentHashMap::get (162 bytes)
Event: 0.210 Thread 0x00007fe22306c800 nmethod 170% 0x000000012469d890 code [0x000000012469da20, 0x000000012469dc58]
Event: 0.211 Thread 0x00007fe22306d800 nmethod 182 0x000000011d19af90 code [0x000000011d19b1e0, 0x000000011d19bfb8]
Event: 0.211 Thread 0x00007fe22306c800  171 %     4       java.lang.StringCoding::hasNegatives @ 2 (25 bytes)

GC Heap History (0 events):
No events

Deoptimization events (10 events):
Event: 0.103 Thread 0x00007fe22380b800 DEOPT PACKING pc=0x000000011d16eb8b sp=0x0000700000b503e0
Event: 0.103 Thread 0x00007fe22380b800 DEOPT UNPACKING pc=0x000000011cc1333a sp=0x0000700000b4f8a0 mode 0
Event: 0.106 Thread 0x00007fe22380b800 DEOPT PACKING pc=0x000000011d16eb8b sp=0x0000700000b503e0
Event: 0.106 Thread 0x00007fe22380b800 DEOPT UNPACKING pc=0x000000011cc1333a sp=0x0000700000b4f8a0 mode 0
Event: 0.106 Thread 0x00007fe22380b800 DEOPT PACKING pc=0x000000011d16eb8b sp=0x0000700000b503e0
Event: 0.106 Thread 0x00007fe22380b800 DEOPT UNPACKING pc=0x000000011cc1333a sp=0x0000700000b4f8a0 mode 0
Event: 0.127 Thread 0x00007fe22380b800 Uncommon trap: trap_request=0xffffff45 fr.pc=0x0000000124698514 relative=0x0000000000000174
Event: 0.127 Thread 0x00007fe22380b800 Uncommon trap: reason=unstable_if action=reinterpret pc=0x0000000124698514 method=java.util.zip.ZipFile$Source.isMetaName([BII)Z @ 43 c2
Event: 0.127 Thread 0x00007fe22380b800 DEOPT PACKING pc=0x0000000124698514 sp=0x0000700000b503e0
Event: 0.127 Thread 0x00007fe22380b800 DEOPT UNPACKING pc=0x000000011cc12e25 sp=0x0000700000b503a8 mode 2

Classes unloaded (0 events):
No events

Classes redefined (0 events):
No events

Internal exceptions (0 events):
No events

Events (20 events):
Event: 0.197 loading class org/apache/catalina/Context
Event: 0.197 loading class org/apache/catalina/Context done
Event: 0.199 loading class org/apache/tomcat/ContextBind
Event: 0.199 loading class org/apache/tomcat/ContextBind done
Event: 0.203 loading class org/apache/tomcat/util/descriptor/web/SecurityConstraint
Event: 0.203 loading class org/apache/tomcat/util/descriptor/web/SecurityConstraint done
Event: 0.204 loading class org/apache/tomcat/util/descriptor/web/XmlEncodingBase
Event: 0.204 loading class org/apache/tomcat/util/descriptor/web/XmlEncodingBase done
Event: 0.205 loading class org/apache/catalina/connector/Response
Event: 0.205 loading class org/apache/catalina/connector/Response done
Event: 0.207 loading class javax/servlet/http/HttpServletResponse
Event: 0.207 loading class javax/servlet/http/HttpServletResponse done
Event: 0.207 loading class javax/servlet/ServletResponse
Event: 0.207 loading class javax/servlet/ServletResponse done
Event: 0.208 loading class org/apache/catalina/Wrapper
Event: 0.208 loading class org/apache/catalina/Wrapper done
Event: 0.210 loading class org/apache/catalina/startup/Tomcat
Event: 0.210 loading class org/apache/catalina/startup/Tomcat done
Event: 0.212 loading class java/lang/Class$EnclosingMethodInfo
Event: 0.212 loading class java/lang/Class$EnclosingMethodInfo done


Dynamic libraries:
0x00007fff7e9cc000 	/usr/lib/libz.1.dylib
0x000000010b3ff000 	/Library/Java/JavaVirtualMachines/jdk-13.0.1.jdk/Contents/Home/lib/libjli.dylib
0x00007fff52a6c000 	/System/Library/Frameworks/Cocoa.framework/Versions/A/Cocoa
0x00007fff5e842000 	/System/Library/Frameworks/Security.framework/Versions/A/Security
0x00007fff516ff000 	/System/Library/Frameworks/ApplicationServices.framework/Versions/A/ApplicationServices
0x00007fff7c2af000 	/usr/lib/libSystem.B.dylib
0x00007fff7f1c2000 	/usr/lib/system/libcache.dylib
0x00007fff7f1c7000 	/usr/lib/system/libcommonCrypto.dylib
0x00007fff7f1d2000 	/usr/lib/system/libcompiler_rt.dylib
0x00007fff7f1da000 	/usr/lib/system/libcopyfile.dylib
0x00007fff7f1e4000 	/usr/lib/system/libcorecrypto.dylib
0x00007fff7f2ef000 	/usr/lib/system/libdispatch.dylib
0x00007fff7f329000 	/usr/lib/system/libdyld.dylib
0x00007fff7f356000 	/usr/lib/system/libkeymgr.dylib
0x00007fff7f364000 	/usr/lib/system/liblaunch.dylib
0x00007fff7f365000 	/usr/lib/system/libmacho.dylib
0x00007fff7f36b000 	/usr/lib/system/libquarantine.dylib
0x00007fff7f36e000 	/usr/lib/system/libremovefile.dylib
0x00007fff7f370000 	/usr/lib/system/libsystem_asl.dylib
0x00007fff7f388000 	/usr/lib/system/libsystem_blocks.dylib
0x00007fff7f389000 	/usr/lib/system/libsystem_c.dylib
0x00007fff7f411000 	/usr/lib/system/libsystem_configuration.dylib
0x00007fff7f415000 	/usr/lib/system/libsystem_coreservices.dylib
0x00007fff7f419000 	/usr/lib/system/libsystem_darwin.dylib
0x00007fff7f420000 	/usr/lib/system/libsystem_dnssd.dylib
0x00007fff7f427000 	/usr/lib/system/libsystem_info.dylib
0x00007fff7f49c000 	/usr/lib/system/libsystem_m.dylib
0x00007fff7f4e8000 	/usr/lib/system/libsystem_malloc.dylib
0x00007fff7f513000 	/usr/lib/system/libsystem_networkextension.dylib
0x00007fff7f51e000 	/usr/lib/system/libsystem_notify.dylib
0x00007fff7f53b000 	/usr/lib/system/libsystem_sandbox.dylib
0x00007fff7f53f000 	/usr/lib/system/libsystem_secinit.dylib
0x00007fff7f473000 	/usr/lib/system/libsystem_kernel.dylib
0x00007fff7f526000 	/usr/lib/system/libsystem_platform.dylib
0x00007fff7f530000 	/usr/lib/system/libsystem_pthread.dylib
0x00007fff7f542000 	/usr/lib/system/libsystem_symptoms.dylib
0x00007fff7f54a000 	/usr/lib/system/libsystem_trace.dylib
0x00007fff7f561000 	/usr/lib/system/libunwind.dylib
0x00007fff7f567000 	/usr/lib/system/libxpc.dylib
0x00007fff7db66000 	/usr/lib/libobjc.A.dylib
0x00007fff7c5c6000 	/usr/lib/libc++abi.dylib
0x00007fff7c572000 	/usr/lib/libc++.1.dylib
0x00007fff532ef000 	/System/Library/Frameworks/CoreFoundation.framework/Versions/A/CoreFoundation
0x00007fff55590000 	/System/Library/Frameworks/Foundation.framework/Versions/C/Foundation
0x00007fff508f8000 	/System/Library/Frameworks/AppKit.framework/Versions/C/AppKit
0x00007fff52e6a000 	/System/Library/Frameworks/CoreData.framework/Versions/A/CoreData
0x00007fff75d75000 	/System/Library/PrivateFrameworks/RemoteViewServices.framework/Versions/A/RemoteViewServices
0x00007fff79fec000 	/System/Library/PrivateFrameworks/UIFoundation.framework/Versions/A/UIFoundation
0x00007fff7b6d0000 	/System/Library/PrivateFrameworks/XCTTargetBootstrap.framework/Versions/A/XCTTargetBootstrap
0x00007fff531fe000 	/System/Library/Frameworks/CoreDisplay.framework/Versions/A/CoreDisplay
0x00007fff70a8a000 	/System/Library/PrivateFrameworks/IconServices.framework/Versions/A/IconServices
0x00007fff57eb6000 	/System/Library/Frameworks/Metal.framework/Versions/A/Metal
0x00007fff67fcd000 	/System/Library/PrivateFrameworks/DesktopServicesPriv.framework/Versions/A/DesktopServicesPriv
0x00007fff7cec9000 	/usr/lib/libenergytrace.dylib
0x00007fff784d3000 	/System/Library/PrivateFrameworks/SkyLight.framework/Versions/A/SkyLight
0x00007fff53737000 	/System/Library/Frameworks/CoreGraphics.framework/Versions/A/CoreGraphics
0x00007fff4f4e2000 	/System/Library/Frameworks/Accelerate.framework/Versions/A/Accelerate
0x00007fff55cd9000 	/System/Library/Frameworks/IOSurface.framework/Versions/A/IOSurface
0x00007fff67e39000 	/System/Library/PrivateFrameworks/DFRFoundation.framework/Versions/A/DFRFoundation
0x00007fff51be2000 	/System/Library/Frameworks/AudioToolbox.framework/Versions/A/AudioToolbox
0x00007fff51e5b000 	/System/Library/Frameworks/AudioUnit.framework/Versions/A/AudioUnit
0x00007fff67ece000 	/System/Library/PrivateFrameworks/DataDetectorsCore.framework/Versions/A/DataDetectorsCore
0x00007fff5256f000 	/System/Library/Frameworks/Carbon.framework/Versions/A/Frameworks/HIToolbox.framework/Versions/A/HIToolbox
0x00007fff7d022000 	/usr/lib/libicucore.A.dylib
0x00007fff5ddb5000 	/System/Library/Frameworks/QuartzCore.framework/Versions/A/QuartzCore
0x00007fff52944000 	/System/Library/Frameworks/Carbon.framework/Versions/A/Frameworks/SpeechRecognition.framework/Versions/A/SpeechRecognition
0x00007fff7c483000 	/usr/lib/libauto.dylib
0x00007fff7e8c0000 	/usr/lib/libxml2.2.dylib
0x00007fff67a14000 	/System/Library/PrivateFrameworks/CoreUI.framework/Versions/A/CoreUI
0x00007fff52d55000 	/System/Library/Frameworks/CoreAudio.framework/Versions/A/CoreAudio
0x00007fff553c5000 	/System/Library/Frameworks/DiskArbitration.framework/Versions/A/DiskArbitration
0x00007fff7d2d0000 	/usr/lib/liblangid.dylib
0x00007fff71eba000 	/System/Library/PrivateFrameworks/MultitouchSupport.framework/Versions/A/MultitouchSupport
0x00007fff55c48000 	/System/Library/Frameworks/IOKit.framework/Versions/A/IOKit
0x00007fff7be6f000 	/usr/lib/libDiagnosticMessagesClient.dylib
0x00007fff54563000 	/System/Library/Frameworks/CoreServices.framework/Versions/A/CoreServices
0x00007fff73b74000 	/System/Library/PrivateFrameworks/PerformanceAnalysis.framework/Versions/A/PerformanceAnalysis
0x00007fff5cfa3000 	/System/Library/Frameworks/OpenGL.framework/Versions/A/OpenGL
0x00007fff52a7a000 	/System/Library/Frameworks/ColorSync.framework/Versions/A/ColorSync
0x00007fff53de5000 	/System/Library/Frameworks/CoreImage.framework/Versions/A/CoreImage
0x00007fff54f3b000 	/System/Library/Frameworks/CoreText.framework/Versions/A/CoreText
0x00007fff55d3c000 	/System/Library/Frameworks/ImageIO.framework/Versions/A/ImageIO
0x00007fff64066000 	/System/Library/PrivateFrameworks/Backup.framework/Versions/A/Backup
0x00007fff7c356000 	/usr/lib/libarchive.2.dylib
0x00007fff521b4000 	/System/Library/Frameworks/CFNetwork.framework/Versions/A/CFNetwork
0x00007fff5ef9e000 	/System/Library/Frameworks/SystemConfiguration.framework/Versions/A/SystemConfiguration
0x00007fff7bda0000 	/usr/lib/libCRFSuite.dylib
0x00007fff7c553000 	/usr/lib/libbsm.0.dylib
0x00007fff7f357000 	/usr/lib/system/libkxld.dylib
0x00007fff63457000 	/System/Library/PrivateFrameworks/AppleFSCompression.framework/Versions/A/AppleFSCompression
0x00007fff7c16f000 	/usr/lib/libOpenScriptingUtil.dylib
0x00007fff7c87b000 	/usr/lib/libcoretls.dylib
0x00007fff7c892000 	/usr/lib/libcoretls_cfhelpers.dylib
0x00007fff7e300000 	/usr/lib/libpam.2.dylib
0x00007fff7e4c0000 	/usr/lib/libsqlite3.dylib
0x00007fff7e8ae000 	/usr/lib/libxar.1.dylib
0x00007fff7c564000 	/usr/lib/libbz2.1.0.dylib
0x00007fff7d2d2000 	/usr/lib/liblzma.5.dylib
0x00007fff7d783000 	/usr/lib/libnetwork.dylib
0x00007fff7c33f000 	/usr/lib/libapple_nghttp2.dylib
0x00007fff7e307000 	/usr/lib/libpcap.A.dylib
0x00007fff54902000 	/System/Library/Frameworks/CoreServices.framework/Versions/A/Frameworks/FSEvents.framework/Versions/A/FSEvents
0x00007fff545e1000 	/System/Library/Frameworks/CoreServices.framework/Versions/A/Frameworks/CarbonCore.framework/Versions/A/CarbonCore
0x00007fff54abd000 	/System/Library/Frameworks/CoreServices.framework/Versions/A/Frameworks/Metadata.framework/Versions/A/Metadata
0x00007fff54b5c000 	/System/Library/Frameworks/CoreServices.framework/Versions/A/Frameworks/OSServices.framework/Versions/A/OSServices
0x00007fff54ba7000 	/System/Library/Frameworks/CoreServices.framework/Versions/A/Frameworks/SearchKit.framework/Versions/A/SearchKit
0x00007fff54564000 	/System/Library/Frameworks/CoreServices.framework/Versions/A/Frameworks/AE.framework/Versions/A/AE
0x00007fff5490b000 	/System/Library/Frameworks/CoreServices.framework/Versions/A/Frameworks/LaunchServices.framework/Versions/A/LaunchServices
0x00007fff548b9000 	/System/Library/Frameworks/CoreServices.framework/Versions/A/Frameworks/DictionaryServices.framework/Versions/A/DictionaryServices
0x00007fff54c0f000 	/System/Library/Frameworks/CoreServices.framework/Versions/A/Frameworks/SharedFileList.framework/Versions/A/SharedFileList
0x00007fff58f7e000 	/System/Library/Frameworks/NetFS.framework/Versions/A/NetFS
0x00007fff72120000 	/System/Library/PrivateFrameworks/NetAuth.framework/Versions/A/NetAuth
0x00007fff7bad4000 	/System/Library/PrivateFrameworks/login.framework/Versions/A/Frameworks/loginsupport.framework/Versions/A/loginsupport
0x00007fff79bf5000 	/System/Library/PrivateFrameworks/TCC.framework/Versions/A/TCC
0x00007fff67071000 	/System/Library/PrivateFrameworks/CoreNLP.framework/Versions/A/CoreNLP
0x00007fff71b90000 	/System/Library/PrivateFrameworks/MetadataUtilities.framework/Versions/A/MetadataUtilities
0x00007fff7d3a7000 	/usr/lib/libmecabra.dylib
0x00007fff51700000 	/System/Library/Frameworks/ApplicationServices.framework/Versions/A/Frameworks/ATS.framework/Versions/A/ATS
0x00007fff51a4f000 	/System/Library/Frameworks/ApplicationServices.framework/Versions/A/Frameworks/ColorSyncLegacy.framework/Versions/A/ColorSyncLegacy
0x00007fff51aee000 	/System/Library/Frameworks/ApplicationServices.framework/Versions/A/Frameworks/HIServices.framework/Versions/A/HIServices
0x00007fff51b41000 	/System/Library/Frameworks/ApplicationServices.framework/Versions/A/Frameworks/LangAnalysis.framework/Versions/A/LangAnalysis
0x00007fff51b51000 	/System/Library/Frameworks/ApplicationServices.framework/Versions/A/Frameworks/PrintCore.framework/Versions/A/PrintCore
0x00007fff51b9b000 	/System/Library/Frameworks/ApplicationServices.framework/Versions/A/Frameworks/QD.framework/Versions/A/QD
0x00007fff51bd5000 	/System/Library/Frameworks/ApplicationServices.framework/Versions/A/Frameworks/SpeechSynthesis.framework/Versions/A/SpeechSynthesis
0x00007fff7c5ee000 	/usr/lib/libcompression.dylib
0x00007fff58186000 	/System/Library/Frameworks/MetalPerformanceShaders.framework/Versions/A/MetalPerformanceShaders
0x00007fff4f4fa000 	/System/Library/Frameworks/Accelerate.framework/Versions/A/Frameworks/vImage.framework/Versions/A/vImage
0x00007fff50756000 	/System/Library/Frameworks/Accelerate.framework/Versions/A/Frameworks/vecLib.framework/Versions/A/vecLib
0x00007fff505e1000 	/System/Library/Frameworks/Accelerate.framework/Versions/A/Frameworks/vecLib.framework/Versions/A/libvMisc.dylib
0x00007fff50440000 	/System/Library/Frameworks/Accelerate.framework/Versions/A/Frameworks/vecLib.framework/Versions/A/libvDSP.dylib
0x00007fff4fdef000 	/System/Library/Frameworks/Accelerate.framework/Versions/A/Frameworks/vecLib.framework/Versions/A/libBLAS.dylib
0x00007fff4ffdb000 	/System/Library/Frameworks/Accelerate.framework/Versions/A/Frameworks/vecLib.framework/Versions/A/libLAPACK.dylib
0x00007fff50394000 	/System/Library/Frameworks/Accelerate.framework/Versions/A/Frameworks/vecLib.framework/Versions/A/libLinearAlgebra.dylib
0x00007fff5042d000 	/System/Library/Frameworks/Accelerate.framework/Versions/A/Frameworks/vecLib.framework/Versions/A/libSparseBLAS.dylib
0x00007fff503aa000 	/System/Library/Frameworks/Accelerate.framework/Versions/A/Frameworks/vecLib.framework/Versions/A/libQuadrature.dylib
0x00007fff4ff96000 	/System/Library/Frameworks/Accelerate.framework/Versions/A/Frameworks/vecLib.framework/Versions/A/libBNNS.dylib
0x00007fff503b0000 	/System/Library/Frameworks/Accelerate.framework/Versions/A/Frameworks/vecLib.framework/Versions/A/libSparse.dylib
0x00007fff6e3bf000 	/System/Library/PrivateFrameworks/GPUWrangler.framework/Versions/A/GPUWrangler
0x00007fff706bf000 	/System/Library/PrivateFrameworks/IOAccelerator.framework/Versions/A/IOAccelerator
0x00007fff706ca000 	/System/Library/PrivateFrameworks/IOPresentment.framework/Versions/A/IOPresentment
0x00007fff67e49000 	/System/Library/PrivateFrameworks/DSExternalDisplay.framework/Versions/A/DSExternalDisplay
0x00007fff5c3fa000 	/System/Library/Frameworks/OpenGL.framework/Versions/A/Libraries/libCoreFSCache.dylib
0x00007fff57f7a000 	/System/Library/Frameworks/MetalPerformanceShaders.framework/Frameworks/MPSCore.framework/Versions/A/MPSCore
0x00007fff57f9a000 	/System/Library/Frameworks/MetalPerformanceShaders.framework/Frameworks/MPSImage.framework/Versions/A/MPSImage
0x00007fff5803f000 	/System/Library/Frameworks/MetalPerformanceShaders.framework/Frameworks/MPSNeuralNetwork.framework/Versions/A/MPSNeuralNetwork
0x00007fff58017000 	/System/Library/Frameworks/MetalPerformanceShaders.framework/Frameworks/MPSMatrix.framework/Versions/A/MPSMatrix
0x00007fff5816b000 	/System/Library/Frameworks/MetalPerformanceShaders.framework/Frameworks/MPSRayIntersector.framework/Versions/A/MPSRayIntersector
0x00007fff71bb9000 	/System/Library/PrivateFrameworks/MetalTools.framework/Versions/A/MetalTools
0x00007fff62d01000 	/System/Library/PrivateFrameworks/AggregateDictionary.framework/Versions/A/AggregateDictionary
0x00007fff7c14f000 	/usr/lib/libMobileGestalt.dylib
0x00007fff5509e000 	/System/Library/Frameworks/CoreVideo.framework/Versions/A/CoreVideo
0x00007fff6f1d0000 	/System/Library/PrivateFrameworks/GraphVisualizer.framework/Versions/A/GraphVisualizer
0x00007fff6904f000 	/System/Library/PrivateFrameworks/FaceCore.framework/Versions/A/FaceCore
0x00007fff5ba28000 	/System/Library/Frameworks/OpenCL.framework/Versions/A/OpenCL
0x00007fff7bea7000 	/usr/lib/libFosl_dynamic.dylib
0x00007fff7298b000 	/System/Library/PrivateFrameworks/OTSVG.framework/Versions/A/OTSVG
0x00007fff51804000 	/System/Library/Frameworks/ApplicationServices.framework/Versions/A/Frameworks/ATS.framework/Versions/A/Resources/libFontParser.dylib
0x00007fff5191c000 	/System/Library/Frameworks/ApplicationServices.framework/Versions/A/Frameworks/ATS.framework/Versions/A/Resources/libFontRegistry.dylib
0x00007fff55fae000 	/System/Library/Frameworks/ImageIO.framework/Versions/A/Resources/libJPEG.dylib
0x00007fff562c1000 	/System/Library/Frameworks/ImageIO.framework/Versions/A/Resources/libTIFF.dylib
0x00007fff56297000 	/System/Library/Frameworks/ImageIO.framework/Versions/A/Resources/libPng.dylib
0x00007fff55ecb000 	/System/Library/Frameworks/ImageIO.framework/Versions/A/Resources/libGIF.dylib
0x00007fff55ed0000 	/System/Library/Frameworks/ImageIO.framework/Versions/A/Resources/libJP2.dylib
0x00007fff562be000 	/System/Library/Frameworks/ImageIO.framework/Versions/A/Resources/libRadiance.dylib
0x00007fff635ae000 	/System/Library/PrivateFrameworks/AppleJPEG.framework/Versions/A/AppleJPEG
0x00007fff5c405000 	/System/Library/Frameworks/OpenGL.framework/Versions/A/Libraries/libGFXShared.dylib
0x00007fff5c5c8000 	/System/Library/Frameworks/OpenGL.framework/Versions/A/Libraries/libGLU.dylib
0x00007fff5c40e000 	/System/Library/Frameworks/OpenGL.framework/Versions/A/Libraries/libGL.dylib
0x00007fff5c41a000 	/System/Library/Frameworks/OpenGL.framework/Versions/A/Libraries/libGLImage.dylib
0x00007fff5c3f7000 	/System/Library/Frameworks/OpenGL.framework/Versions/A/Libraries/libCVMSPluginSupport.dylib
0x00007fff5c400000 	/System/Library/Frameworks/OpenGL.framework/Versions/A/Libraries/libCoreVMClient.dylib
0x00007fff7cd3f000 	/usr/lib/libcups.2.dylib
0x00007fff57481000 	/System/Library/Frameworks/Kerberos.framework/Versions/A/Kerberos
0x00007fff559ac000 	/System/Library/Frameworks/GSS.framework/Versions/A/GSS
0x00007fff7e455000 	/usr/lib/libresolv.9.dylib
0x00007fff7cf31000 	/usr/lib/libiconv.2.dylib
0x00007fff6f345000 	/System/Library/PrivateFrameworks/Heimdal.framework/Versions/A/Heimdal
0x00007fff7cf01000 	/usr/lib/libheimdal-asn1.dylib
0x00007fff5ba9c000 	/System/Library/Frameworks/OpenDirectory.framework/Versions/A/OpenDirectory
0x00007fff65dd4000 	/System/Library/PrivateFrameworks/CommonAuth.framework/Versions/A/CommonAuth
0x00007fff5ba80000 	/System/Library/Frameworks/OpenDirectory.framework/Versions/A/Frameworks/CFOpenDirectory.framework/Versions/A/CFOpenDirectory
0x00007fff5eb43000 	/System/Library/Frameworks/SecurityFoundation.framework/Versions/A/SecurityFoundation
0x00007fff62247000 	/System/Library/PrivateFrameworks/APFS.framework/Versions/A/APFS
0x00007fff7e8aa000 	/usr/lib/libutil.dylib
0x00007fff7c5dc000 	/usr/lib/libcharset.1.dylib
0x00007fff6384b000 	/System/Library/PrivateFrameworks/AppleSauce.framework/Versions/A/AppleSauce
0x00007fff639cc000 	/System/Library/PrivateFrameworks/AssertionServices.framework/Versions/A/AssertionServices
0x00007fff640fc000 	/System/Library/PrivateFrameworks/BaseBoard.framework/Versions/A/BaseBoard
0x00007fff7d302000 	/usr/lib/libmecab.1.0.0.dylib
0x00007fff7cefb000 	/usr/lib/libgermantok.dylib
0x00007fff7c32c000 	/usr/lib/libThaiTokenizer.dylib
0x00007fff7bdd7000 	/usr/lib/libChineseTokenizer.dylib
0x00007fff70d77000 	/System/Library/PrivateFrameworks/LanguageModeling.framework/Versions/A/LanguageModeling
0x00007fff66ab6000 	/System/Library/PrivateFrameworks/CoreEmoji.framework/Versions/A/CoreEmoji
0x00007fff70e53000 	/System/Library/PrivateFrameworks/Lexicon.framework/Versions/A/Lexicon
0x00007fff70e96000 	/System/Library/PrivateFrameworks/LinguisticData.framework/Versions/A/LinguisticData
0x00007fff7c5dd000 	/usr/lib/libcmph.dylib
0x00007fff5ec01000 	/System/Library/Frameworks/ServiceManagement.framework/Versions/A/ServiceManagement
0x00007fff6405d000 	/System/Library/PrivateFrameworks/BackgroundTaskManagement.framework/Versions/A/BackgroundTaskManagement
0x00007fff7e9a3000 	/usr/lib/libxslt.1.dylib
0x00007fff52871000 	/System/Library/Frameworks/Carbon.framework/Versions/A/Frameworks/Ink.framework/Versions/A/Ink
0x00007fff79e67000 	/System/Library/PrivateFrameworks/TextureIO.framework/Versions/A/TextureIO
0x00007fff7c380000 	/usr/lib/libate.dylib
0x00007fff67d98000 	/System/Library/PrivateFrameworks/CrashReporterSupport.framework/Versions/A/CrashReporterSupport
0x00007fff775a1000 	/System/Library/PrivateFrameworks/Sharing.framework/Versions/A/Sharing
0x00007fff63daf000 	/System/Library/PrivateFrameworks/AuthKit.framework/Versions/A/AuthKit
0x00007fff63303000 	/System/Library/PrivateFrameworks/Apple80211.framework/Versions/A/Apple80211
0x00007fff67b40000 	/System/Library/PrivateFrameworks/CoreUtils.framework/Versions/A/CoreUtils
0x00007fff550df000 	/System/Library/Frameworks/CoreWLAN.framework/Versions/A/CoreWLAN
0x00007fff55adb000 	/System/Library/Frameworks/IOBluetooth.framework/Versions/A/IOBluetooth
0x00007fff75a15000 	/System/Library/PrivateFrameworks/ProtocolBuffer.framework/Versions/A/ProtocolBuffer
0x00007fff71e16000 	/System/Library/PrivateFrameworks/MobileKeyBag.framework/Versions/A/MobileKeyBag
0x00007fff67384000 	/System/Library/PrivateFrameworks/CorePhoneNumbers.framework/Versions/A/CorePhoneNumbers
0x00007fff63562000 	/System/Library/PrivateFrameworks/AppleIDAuthSupport.framework/Versions/A/AppleIDAuthSupport
0x00007fff70d4a000 	/System/Library/PrivateFrameworks/KeychainCircle.framework/Versions/A/KeychainCircle
0x00007fff75bcb000 	/System/Library/PrivateFrameworks/ROCKit.framework/Versions/A/ROCKit
0x00007fff67d34000 	/System/Library/PrivateFrameworks/CoreWiFi.framework/Versions/A/CoreWiFi
0x00007fff52e3f000 	/System/Library/Frameworks/CoreBluetooth.framework/Versions/A/CoreBluetooth
0x00007fff67f8f000 	/System/Library/PrivateFrameworks/DebugSymbols.framework/Versions/A/DebugSymbols
0x00007fff67900000 	/System/Library/PrivateFrameworks/CoreSymbolication.framework/Versions/A/CoreSymbolication
0x00007fff79682000 	/System/Library/PrivateFrameworks/Symbolication.framework/Versions/A/Symbolication
0x00007fff78f25000 	/System/Library/PrivateFrameworks/SpeechRecognitionCore.framework/Versions/A/SpeechRecognitionCore
0x000000010b424000 	/Library/Java/JavaVirtualMachines/jdk-13.0.1.jdk/Contents/Home/lib/server/libjvm.dylib
0x000000010c205000 	/Library/Java/JavaVirtualMachines/jdk-13.0.1.jdk/Contents/Home/lib/libverify.dylib
0x000000010c211000 	/Library/Java/JavaVirtualMachines/jdk-13.0.1.jdk/Contents/Home/lib/libjava.dylib
0x000000010c296000 	/Library/Java/JavaVirtualMachines/jdk-13.0.1.jdk/Contents/Home/lib/libzip.dylib
0x000000010c29d000 	/Library/Java/JavaVirtualMachines/jdk-13.0.1.jdk/Contents/Home/lib/libjimage.dylib
0x0000000114246000 	/Library/Java/JavaVirtualMachines/jdk-13.0.1.jdk/Contents/Home/lib/libnio.dylib
0x0000000114254000 	/Library/Java/JavaVirtualMachines/jdk-13.0.1.jdk/Contents/Home/lib/./libnet.dylib


VM Arguments:
jvm_args: -Dfile.encoding=UTF-8 
java_command: org.apache.catalina.startup.Tomcat$1
java_class_path (initial): /Users/user/Desktop/BIA/Master-Project/Business-Impact-Analysis/target/classes:/Users/user/.m2/repository/org/hibernate/hibernate-core/5.2.17.Final/hibernate-core-5.2.17.Final.jar:/Users/user/.m2/repository/org/jboss/logging/jboss-logging/3.3.2.Final/jboss-logging-3.3.2.Final.jar:/Users/user/.m2/repository/org/hibernate/javax/persistence/hibernate-jpa-2.1-api/1.0.0.Final/hibernate-jpa-2.1-api-1.0.0.Final.jar:/Users/user/.m2/repository/org/javassist/javassist/3.22.0-GA/javassist-3.22.0-GA.jar:/Users/user/.m2/repository/antlr/antlr/2.7.7/antlr-2.7.7.jar:/Users/user/.m2/repository/org/jboss/spec/javax/transaction/jboss-transaction-api_1.2_spec/1.0.1.Final/jboss-transaction-api_1.2_spec-1.0.1.Final.jar:/Users/user/.m2/repository/org/jboss/jandex/2.0.3.Final/jandex-2.0.3.Final.jar:/Users/user/.m2/repository/com/fasterxml/classmate/1.3.4/classmate-1.3.4.jar:/Users/user/.m2/repository/dom4j/dom4j/1.6.1/dom4j-1.6.1.jar:/Users/user/.m2/repository/org/hibernate/common/hibernate-commons-annotations/5.0.1.Final/hibernate-commons-annotations-5.0.1.Final.jar:/Users/user/.m2/repository/org/hibernate/hibernate-validator/5.4.1.Final/hibernate-validator-5.4.1.Final.jar:/Users/user/.m2/repository/javax/validation/validation-api/2.0.1.Final/validation-api-2.0.1.Final.jar:/Users/user/.m2/repository/javax/servlet/jsp/jstl/javax.servlet.jsp.jstl-api/1.2.1/javax.servlet.jsp.jstl-api-1.2.1.jar:/Users/user/.m2/repository/taglibs/standard/1.1.2/standard-1.1.2.jar:/Users/user/.m2/repository/javax/servlet/javax.servlet-api/3.1.0/javax.servlet-api-3.1.0.jar:/Users/user/.m2/repository/javax/servlet/jsp/javax.servlet.jsp-api/2.3.1/javax.servlet.jsp-api-2.3.1.jar:/Users/user/.m2/repository/org/springframework/boot/spring-boot-starter-data-mongodb/2.0.0.RELEASE/spring-boot-starter-data-mongodb-2.0.0.RELEASE.jar:/Users/user/.m2/repository/org/springframework/boot/spring-boot-starter/2.0.0.RELEASE/spring-boot-starter-2.0.0.RELEASE.jar:/Users/user/.m2/repository/org/springf
Launcher Type: SUN_STANDARD

[Global flags]
     intx CICompilerCount                          = 3                                         {product} {ergonomic}
     uint ConcGCThreads                            = 1                                         {product} {ergonomic}
     uint G1ConcRefinementThreads                  = 4                                         {product} {ergonomic}
   size_t G1HeapRegionSize                         = 1048576                                   {product} {ergonomic}
    uintx GCDrainStackTargetSize                   = 64                                        {product} {ergonomic}
   size_t InitialHeapSize                          = 134217728                                 {product} {ergonomic}
   size_t MarkStackSize                            = 4194304                                   {product} {ergonomic}
   size_t MaxHeapSize                              = 2147483648                                {product} {ergonomic}
   size_t MaxNewSize                               = 1287651328                                {product} {ergonomic}
   size_t MinHeapDeltaBytes                        = 1048576                                   {product} {ergonomic}
   size_t MinHeapSize                              = 8388608                                   {product} {ergonomic}
    uintx NonNMethodCodeHeapSize                   = 5830732                                {pd product} {ergonomic}
    uintx NonProfiledCodeHeapSize                  = 122913754                              {pd product} {ergonomic}
    uintx ProfiledCodeHeapSize                     = 122913754                              {pd product} {ergonomic}
    uintx ReservedCodeCacheSize                    = 251658240                              {pd product} {ergonomic}
     bool SegmentedCodeCache                       = true                                      {product} {ergonomic}
   size_t SoftMaxHeapSize                          = 2147483648                             {manageable} {ergonomic}
     bool UseCompressedClassPointers               = true                                 {lp64_product} {ergonomic}
     bool UseCompressedOops                        = true                                 {lp64_product} {ergonomic}
     bool UseG1GC                                  = true                                      {product} {ergonomic}

Logging:
Log output configuration:
 #0: stdout all=warning uptime,level,tags
 #1: stderr all=off uptime,level,tags

Environment Variables:
PATH=/usr/bin:/bin:/usr/sbin:/sbin
SHELL=/bin/bash

Signal Handlers:
SIGSEGV: [libjvm.dylib+0x781570], sa_mask[0]=11111111011111110111111111111111, sa_flags=SA_ONSTACK|SA_RESTART|SA_SIGINFO
SIGBUS: [libjvm.dylib+0x781570], sa_mask[0]=11111111011111110111111111111111, sa_flags=SA_RESTART|SA_SIGINFO
SIGFPE: [libjvm.dylib+0x781570], sa_mask[0]=11111111011111110111111111111111, sa_flags=SA_RESTART|SA_SIGINFO
SIGPIPE: [libjvm.dylib+0x627f75], sa_mask[0]=11111111011111110111111111111111, sa_flags=SA_RESTART|SA_SIGINFO
SIGXFSZ: [libjvm.dylib+0x627f75], sa_mask[0]=11111111011111110111111111111111, sa_flags=SA_RESTART|SA_SIGINFO
SIGILL: [libjvm.dylib+0x781570], sa_mask[0]=11111111011111110111111111111111, sa_flags=SA_RESTART|SA_SIGINFO
SIGUSR2: [libjvm.dylib+0x62855f], sa_mask[0]=00100000000000000000000000000000, sa_flags=SA_RESTART|SA_SIGINFO
SIGHUP: [libjvm.dylib+0x62754d], sa_mask[0]=11111111011111110111111111111111, sa_flags=SA_RESTART|SA_SIGINFO
SIGINT: [libjvm.dylib+0x62754d], sa_mask[0]=11111111011111110111111111111111, sa_flags=SA_RESTART|SA_SIGINFO
SIGTERM: [libjvm.dylib+0x62754d], sa_mask[0]=11111111011111110111111111111111, sa_flags=SA_RESTART|SA_SIGINFO
SIGQUIT: [libjvm.dylib+0x62754d], sa_mask[0]=11111111011111110111111111111111, sa_flags=SA_RESTART|SA_SIGINFO


---------------  S Y S T E M  ---------------

OS:uname:Darwin 18.7.0 Darwin Kernel Version 18.7.0: Tue Aug 20 16:57:14 PDT 2019; root:xnu-4903.271.2~2/RELEASE_X86_64 x86_64
rlimit: STACK 8192k, CORE 0k, NPROC 709, NOFILE 10240, AS infinity, DATA infinity, FSIZE infinity
load average:2.04 1.91 2.02

CPU:total 4 (initial active 4) (2 cores per cpu, 2 threads per core) family 6 model 58 stepping 9, cmov, cx8, fxsr, mmx, sse, sse2, sse3, ssse3, sse4.1, sse4.2, popcnt, avx, aes, clmul, erms, ht, tsc, tscinvbit, tscinv

Memory: 4k page, physical 8388608k(199948k free), swap 2097152k(1381888k free)

vm_info: Java HotSpot(TM) 64-Bit Server VM (13.0.1+9) for bsd-amd64 JRE (13.0.1+9), built on Oct  6 2019 11:43:59 by "mach5one" with clang 4.2.1 Compatible Apple LLVM 10.0.0 (clang-1000.11.45.5)

END.
